
> vibe-generated-app@1.0.0 dev
> vite


  VITE v5.4.20  ready in 325 ms

  ➜  Local:   http://localhost:3000/
  ➜  Network: http://172.20.24.93:3000/
2:35:20 PM [vite] Pre-transform error: Transform failed with 1 error:
/home/workspace/src/components/PlanResult.jsx:115:19: ERROR: Expected "]" but found "$"
2:35:21 PM [vite] ✨ new dependencies optimized: lucide-react
2:35:21 PM [vite] ✨ optimized dependencies changed. reloading
2:35:21 PM [vite] Pre-transform error: Transform failed with 1 error:
/home/workspace/src/components/PlanResult.jsx:115:19: ERROR: Expected "]" but found "$"
The file does not exist at "/home/workspace/node_modules/.vite/deps/chunk-I4MZPW7S.js?v=35394813" which is in the optimize deps directory. The dependency might be incompatible with the dep optimizer. Try adding it to `optimizeDeps.exclude`.
2:35:22 PM [vite] Internal server error: Transform failed with 1 error:
/home/workspace/src/components/PlanResult.jsx:115:19: ERROR: Expected "]" but found "$"
  Plugin: vite:esbuild
  File: /home/workspace/src/components/PlanResult.jsx:115:19
  
  Expected "]" but found "$"
  113|                  ]} />
  114|                  <Meal title="Snack" items={[
  115|                    `${foods.proteins[2] || foods.proteins[0]} + ${foods.carbs[4]}`,
     |                     ^
  116|                  ]} />
  117|                  <Meal title="Dinner" items={[
  
      at failureErrorWithLog (/home/workspace/node_modules/esbuild/lib/main.js:1472:15)
      at /home/workspace/node_modules/esbuild/lib/main.js:755:50
      at responseCallbacks.<computed> (/home/workspace/node_modules/esbuild/lib/main.js:622:9)
      at handleIncomingPacket (/home/workspace/node_modules/esbuild/lib/main.js:677:12)
      at Socket.readFromStdout (/home/workspace/node_modules/esbuild/lib/main.js:600:7)
      at Socket.emit (node:events:508:28)
      at addChunk (node:internal/streams/readable:559:12)
      at readableAddChunkPushByteMode (node:internal/streams/readable:510:3)
      at Readable.push (node:internal/streams/readable:390:5)
      at Pipe.onStreamRead (node:internal/stream_base_commons:189:23)
2:35:43 PM [vite] Internal server error: Transform failed with 1 error:
/home/workspace/src/components/PlanResult.jsx:115:19: ERROR: Expected "]" but found "$"
  Plugin: vite:esbuild
  File: /home/workspace/src/components/PlanResult.jsx:115:19
  
  Expected "]" but found "$"
  113|                  ]} />
  114|                  <Meal title="Snack" items={[
  115|                    `${foods.proteins[2] || foods.proteins[0]} + ${foods.carbs[4]}`,
     |                     ^
  116|                  ]} />
  117|                  <Meal title="Dinner" items={[
  
      at failureErrorWithLog (/home/workspace/node_modules/esbuild/lib/main.js:1472:15)
      at /home/workspace/node_modules/esbuild/lib/main.js:755:50
      at responseCallbacks.<computed> (/home/workspace/node_modules/esbuild/lib/main.js:622:9)
      at handleIncomingPacket (/home/workspace/node_modules/esbuild/lib/main.js:677:12)
      at Socket.readFromStdout (/home/workspace/node_modules/esbuild/lib/main.js:600:7)
      at Socket.emit (node:events:508:28)
      at addChunk (node:internal/streams/readable:559:12)
      at readableAddChunkPushByteMode (node:internal/streams/readable:510:3)
      at Readable.push (node:internal/streams/readable:390:5)
      at Pipe.onStreamRead (node:internal/stream_base_commons:189:23)
